<?xml version="1.0" encoding="utf-8" standalone="no"?>
<!--This file represents the results of running a test suite-->
<test-results name="C:\Users\Akira\WeatherStation\Meteo.UnitTests\bin\Debug\Meteo.UnitTests.dll" total="0" errors="0" failures="0" not-run="1" inconclusive="0" ignored="0" skipped="0" invalid="1" date="2015-11-15" time="23:15:11">
  <environment nunit-version="2.6.4.14350" clr-version="2.0.50727.5485" os-version="Microsoft Windows NT 6.1.7601 Service Pack 1" platform="Win32NT" cwd="C:\Users\Akira\WeatherStation\Meteo.UnitTests\bin\Debug" machine-name="AK_COMP" user="Akira" user-domain="AK_COMP" />
  <culture-info current-culture="ru-RU" current-uiculture="ru-RU" />
  <test-suite type="Assembly" name="C:\Users\Akira\WeatherStation\Meteo.UnitTests\bin\Debug\Meteo.UnitTests.dll" executed="True" result="Failure" success="False" time="0.091" asserts="0">
    <results>
      <test-suite type="Namespace" name="Meteo" executed="True" result="Failure" success="False" time="0.090" asserts="0">
        <results>
          <test-suite type="Namespace" name="UnitTests" executed="True" result="Failure" success="False" time="0.089" asserts="0">
            <results>
              <test-suite type="TestFixture" name="LogicGetFutureAndPastTests" executed="True" result="Failure" success="False" time="0.088" asserts="0">
                <results>
                  <test-case name="Meteo.UnitTests.LogicGetFutureAndPastTests.CheckCountPackage" executed="False" result="NotRunnable">
                    <reason>
                      <message><![CDATA[No arguments were provided]]></message>
                    </reason>
                  </test-case>
                </results>
              </test-suite>
            </results>
          </test-suite>
        </results>
      </test-suite>
    </results>
  </test-suite>
</test-results>